//------------------------------------------------------------------------------
//--  Generated by TunerStudio 
//--  Date: 12-20-2022
//--  Time: 21:28
//--  This file merely records what was sent to your Controller,        
//--  and may be deleted at any time.                                                    
//--  Selected type: Coolant Temperature Sensor 
//------------------------------------------------------------------------------

//-- generated using refTable Generator:thermGenerator
//-- Table Identifier:000//--    Generated by ThermTableGenerator using user input values. 
//--    Bias Resistor value: 2490 Ohms
//--    Temperature1: 9.1(C), 	Resistance 1: 3810 Ohms 
//--    Temperature2: 23.5(C), 	Resistance 2: 2150 Ohms 
//--    Temperature3: 41(C), 	Resistance 3: 1110 Ohms 
//-- 

//----------------------------------------------------------//
ADC 	Value 	MSVal 	volts
0	180.00	1800 	0.000
1	180.00	1800 	0.005
2	180.00	1800 	0.010
3	180.00	1800 	0.015
4	180.00	1800 	0.020
5	180.00	1800 	0.024
6	180.00	1800 	0.029
7	180.00	1800 	0.034
8	346.50	3465 	0.039
9	337.78	3378 	0.044
10	330.09	3301 	0.049
11	323.21	3232 	0.054
12	317.00	3170 	0.059
13	311.34	3113 	0.063
14	306.14	3061 	0.068
15	301.34	3013 	0.073
16	296.88	2969 	0.078
17	292.72	2927 	0.083
18	288.82	2888 	0.088
19	285.16	2852 	0.093
20	281.70	2817 	0.098
21	278.42	2784 	0.103
22	275.31	2753 	0.107
23	272.35	2724 	0.112
24	269.53	2695 	0.117
25	266.83	2668 	0.122
26	264.25	2643 	0.127
27	261.78	2618 	0.132
28	259.40	2594 	0.137
29	257.11	2571 	0.142
30	254.91	2549 	0.146
31	252.78	2528 	0.151
32	250.73	2507 	0.156
33	248.74	2487 	0.161
34	246.82	2468 	0.166
35	244.96	2450 	0.171
36	243.15	2432 	0.176
37	241.40	2414 	0.181
38	239.70	2397 	0.186
39	238.05	2380 	0.190
40	236.44	2364 	0.195
41	234.87	2349 	0.200
42	233.34	2333 	0.205
43	231.85	2319 	0.210
44	230.40	2304 	0.215
45	228.98	2290 	0.220
46	227.60	2276 	0.225
47	226.24	2262 	0.229
48	224.92	2249 	0.234
49	223.62	2236 	0.239
50	222.36	2224 	0.244
51	221.12	2211 	0.249
52	219.90	2199 	0.254
53	218.71	2187 	0.259
54	217.54	2175 	0.264
55	216.40	2164 	0.269
56	215.27	2153 	0.273
57	214.17	2142 	0.278
58	213.09	2131 	0.283
59	212.03	2120 	0.288
60	210.98	2110 	0.293
61	209.96	2100 	0.298
62	208.95	2089 	0.303
63	207.95	2080 	0.308
64	206.98	2070 	0.313
65	206.02	2060 	0.317
66	205.07	2051 	0.322
67	204.14	2041 	0.327
68	203.23	2032 	0.332
69	202.32	2023 	0.337
70	201.44	2014 	0.342
71	200.56	2006 	0.347
72	199.70	1997 	0.352
73	198.84	1988 	0.356
74	198.01	1980 	0.361
75	197.18	1972 	0.366
76	196.36	1964 	0.371
77	195.56	1956 	0.376
78	194.76	1948 	0.381
79	193.98	1940 	0.386
80	193.20	1932 	0.391
81	192.44	1924 	0.396
82	191.68	1917 	0.400
83	190.94	1909 	0.405
84	190.20	1902 	0.410
85	189.47	1895 	0.415
86	188.75	1888 	0.420
87	188.04	1880 	0.425
88	187.34	1873 	0.430
89	186.64	1866 	0.435
90	185.96	1860 	0.439
91	185.28	1853 	0.444
92	184.61	1846 	0.449
93	183.94	1839 	0.454
94	183.28	1833 	0.459
95	182.63	1826 	0.464
96	181.99	1820 	0.469
97	181.35	1814 	0.474
98	180.72	1807 	0.479
99	180.10	1801 	0.483
100	179.48	1795 	0.488
101	178.87	1789 	0.493
102	178.26	1783 	0.498
103	177.66	1777 	0.503
104	177.07	1771 	0.508
105	176.48	1765 	0.513
106	175.90	1759 	0.518
107	175.32	1753 	0.522
108	174.75	1747 	0.527
109	174.18	1742 	0.532
110	173.62	1736 	0.537
111	173.06	1731 	0.542
112	172.51	1725 	0.547
113	171.96	1720 	0.552
114	171.42	1714 	0.557
115	170.88	1709 	0.562
116	170.35	1704 	0.566
117	169.82	1698 	0.571
118	169.30	1693 	0.576
119	168.78	1688 	0.581
120	168.26	1683 	0.586
121	167.75	1677 	0.591
122	167.24	1672 	0.596
123	166.74	1667 	0.601
124	166.24	1662 	0.605
125	165.74	1657 	0.610
126	165.25	1653 	0.615
127	164.76	1648 	0.620
128	164.28	1643 	0.625
129	163.80	1638 	0.630
130	163.32	1633 	0.635
131	162.85	1628 	0.640
132	162.38	1624 	0.645
133	161.91	1619 	0.649
134	161.45	1614 	0.654
135	160.98	1610 	0.659
136	160.53	1605 	0.664
137	160.07	1601 	0.669
138	159.62	1596 	0.674
139	159.17	1592 	0.679
140	158.73	1587 	0.684
141	158.29	1583 	0.688
142	157.85	1578 	0.693
143	157.41	1574 	0.698
144	156.98	1570 	0.703
145	156.55	1566 	0.708
146	156.12	1561 	0.713
147	155.70	1557 	0.718
148	155.28	1553 	0.723
149	154.86	1549 	0.728
150	154.44	1544 	0.732
151	154.03	1540 	0.737
152	153.61	1536 	0.742
153	153.21	1532 	0.747
154	152.80	1528 	0.752
155	152.40	1524 	0.757
156	151.99	1520 	0.762
157	151.59	1516 	0.767
158	151.20	1512 	0.771
159	150.80	1508 	0.776
160	150.41	1504 	0.781
161	150.02	1500 	0.786
162	149.63	1496 	0.791
163	149.25	1492 	0.796
164	148.86	1489 	0.801
165	148.48	1485 	0.806
166	148.10	1481 	0.811
167	147.72	1477 	0.815
168	147.35	1473 	0.820
169	146.98	1470 	0.825
170	146.60	1466 	0.830
171	146.24	1462 	0.835
172	145.87	1459 	0.840
173	145.50	1455 	0.845
174	145.14	1451 	0.850
175	144.78	1448 	0.854
176	144.42	1444 	0.859
177	144.06	1441 	0.864
178	143.70	1437 	0.869
179	143.35	1434 	0.874
180	143.00	1430 	0.879
181	142.65	1426 	0.884
182	142.30	1423 	0.889
183	141.95	1420 	0.894
184	141.60	1416 	0.898
185	141.26	1413 	0.903
186	140.92	1409 	0.908
187	140.58	1406 	0.913
188	140.24	1402 	0.918
189	139.90	1399 	0.923
190	139.56	1396 	0.928
191	139.23	1392 	0.933
192	138.90	1389 	0.938
193	138.57	1386 	0.942
194	138.24	1382 	0.947
195	137.91	1379 	0.952
196	137.58	1376 	0.957
197	137.26	1373 	0.962
198	136.93	1369 	0.967
199	136.61	1366 	0.972
200	136.29	1363 	0.977
201	135.97	1360 	0.981
202	135.65	1356 	0.986
203	135.33	1353 	0.991
204	135.02	1350 	0.996
205	134.70	1347 	1.001
206	134.39	1344 	1.006
207	134.08	1341 	1.011
208	133.77	1338 	1.016
209	133.46	1335 	1.021
210	133.15	1331 	1.025
211	132.84	1328 	1.030
212	132.54	1325 	1.035
213	132.23	1322 	1.040
214	131.93	1319 	1.045
215	131.63	1316 	1.050
216	131.33	1313 	1.055
217	131.03	1310 	1.060
218	130.73	1307 	1.064
219	130.43	1304 	1.069
220	130.14	1301 	1.074
221	129.84	1298 	1.079
222	129.55	1295 	1.084
223	129.25	1293 	1.089
224	128.96	1290 	1.094
225	128.67	1287 	1.099
226	128.38	1284 	1.104
227	128.09	1281 	1.108
228	127.81	1278 	1.113
229	127.52	1275 	1.118
230	127.23	1272 	1.123
231	126.95	1270 	1.128
232	126.67	1267 	1.133
233	126.38	1264 	1.138
234	126.10	1261 	1.143
235	125.82	1258 	1.147
236	125.54	1255 	1.152
237	125.26	1253 	1.157
238	124.99	1250 	1.162
239	124.71	1247 	1.167
240	124.44	1244 	1.172
241	124.16	1242 	1.177
242	123.89	1239 	1.182
243	123.61	1236 	1.187
244	123.34	1233 	1.191
245	123.07	1231 	1.196
246	122.80	1228 	1.201
247	122.53	1225 	1.206
248	122.26	1223 	1.211
249	122.00	1220 	1.216
250	121.73	1217 	1.221
251	121.46	1215 	1.226
252	121.20	1212 	1.230
253	120.93	1209 	1.235
254	120.67	1207 	1.240
255	120.41	1204 	1.245
256	120.14	1201 	1.250
257	119.88	1199 	1.255
258	119.62	1196 	1.260
259	119.36	1194 	1.265
260	119.11	1191 	1.270
261	118.85	1188 	1.274
262	118.59	1186 	1.279
263	118.33	1183 	1.284
264	118.08	1181 	1.289
265	117.82	1178 	1.294
266	117.57	1176 	1.299
267	117.32	1173 	1.304
268	117.06	1171 	1.309
269	116.81	1168 	1.313
270	116.56	1166 	1.318
271	116.31	1163 	1.323
272	116.06	1161 	1.328
273	115.81	1158 	1.333
274	115.56	1156 	1.338
275	115.31	1153 	1.343
276	115.07	1151 	1.348
277	114.82	1148 	1.353
278	114.57	1146 	1.357
279	114.33	1143 	1.362
280	114.08	1141 	1.367
281	113.84	1138 	1.372
282	113.60	1136 	1.377
283	113.35	1134 	1.382
284	113.11	1131 	1.387
285	112.87	1129 	1.392
286	112.63	1126 	1.396
287	112.39	1124 	1.401
288	112.15	1122 	1.406
289	111.91	1119 	1.411
290	111.67	1117 	1.416
291	111.44	1114 	1.421
292	111.20	1112 	1.426
293	110.96	1110 	1.431
294	110.73	1107 	1.436
295	110.49	1105 	1.440
296	110.26	1103 	1.445
297	110.02	1100 	1.450
298	109.79	1098 	1.455
299	109.55	1096 	1.460
300	109.32	1093 	1.465
301	109.09	1091 	1.470
302	108.86	1089 	1.475
303	108.63	1086 	1.479
304	108.40	1084 	1.484
305	108.17	1082 	1.489
306	107.94	1079 	1.494
307	107.71	1077 	1.499
308	107.48	1075 	1.504
309	107.25	1073 	1.509
310	107.02	1070 	1.514
311	106.80	1068 	1.519
312	106.57	1066 	1.523
313	106.35	1063 	1.528
314	106.12	1061 	1.533
315	105.90	1059 	1.538
316	105.67	1057 	1.543
317	105.45	1054 	1.548
318	105.22	1052 	1.553
319	105.00	1050 	1.558
320	104.78	1048 	1.563
321	104.56	1046 	1.567
322	104.33	1043 	1.572
323	104.11	1041 	1.577
324	103.89	1039 	1.582
325	103.67	1037 	1.587
326	103.45	1035 	1.592
327	103.23	1032 	1.597
328	103.01	1030 	1.602
329	102.80	1028 	1.606
330	102.58	1026 	1.611
331	102.36	1024 	1.616
332	102.14	1021 	1.621
333	101.93	1019 	1.626
334	101.71	1017 	1.631
335	101.49	1015 	1.636
336	101.28	1013 	1.641
337	101.06	1011 	1.646
338	100.85	1008 	1.650
339	100.63	1006 	1.655
340	100.42	1004 	1.660
341	100.21	1002 	1.665
342	99.99	1000 	1.670
343	99.78	998 	1.675
344	99.57	996 	1.680
345	99.36	994 	1.685
346	99.14	991 	1.689
347	98.93	989 	1.694
348	98.72	987 	1.699
349	98.51	985 	1.704
350	98.30	983 	1.709
351	98.09	981 	1.714
352	97.88	979 	1.719
353	97.67	977 	1.724
354	97.47	975 	1.729
355	97.26	973 	1.733
356	97.05	970 	1.738
357	96.84	968 	1.743
358	96.63	966 	1.748
359	96.43	964 	1.753
360	96.22	962 	1.758
361	96.01	960 	1.763
362	95.81	958 	1.768
363	95.60	956 	1.772
364	95.40	954 	1.777
365	95.19	952 	1.782
366	94.99	950 	1.787
367	94.78	948 	1.792
368	94.58	946 	1.797
369	94.38	944 	1.802
370	94.17	942 	1.807
371	93.97	940 	1.812
372	93.77	938 	1.816
373	93.56	936 	1.821
374	93.36	934 	1.826
375	93.16	932 	1.831
376	92.96	930 	1.836
377	92.76	928 	1.841
378	92.56	926 	1.846
379	92.36	924 	1.851
380	92.15	922 	1.855
381	91.95	920 	1.860
382	91.75	918 	1.865
383	91.56	916 	1.870
384	91.36	914 	1.875
385	91.16	912 	1.880
386	90.96	910 	1.885
387	90.76	908 	1.890
388	90.56	906 	1.895
389	90.36	904 	1.899
390	90.17	902 	1.904
391	89.97	900 	1.909
392	89.77	898 	1.914
393	89.57	896 	1.919
394	89.38	894 	1.924
395	89.18	892 	1.929
396	88.99	890 	1.934
397	88.79	888 	1.938
398	88.59	886 	1.943
399	88.40	884 	1.948
400	88.20	882 	1.953
401	88.01	880 	1.958
402	87.81	878 	1.963
403	87.62	876 	1.968
404	87.43	874 	1.973
405	87.23	872 	1.978
406	87.04	870 	1.982
407	86.84	868 	1.987
408	86.65	867 	1.992
409	86.46	865 	1.997
410	86.27	863 	2.002
411	86.07	861 	2.007
412	85.88	859 	2.012
413	85.69	857 	2.017
414	85.50	855 	2.021
415	85.30	853 	2.026
416	85.11	851 	2.031
417	84.92	849 	2.036
418	84.73	847 	2.041
419	84.54	845 	2.046
420	84.35	843 	2.051
421	84.16	842 	2.056
422	83.97	840 	2.061
423	83.78	838 	2.065
424	83.59	836 	2.070
425	83.40	834 	2.075
426	83.21	832 	2.080
427	83.02	830 	2.085
428	82.83	828 	2.090
429	82.64	826 	2.095
430	82.45	825 	2.100
431	82.26	823 	2.104
432	82.08	821 	2.109
433	81.89	819 	2.114
434	81.70	817 	2.119
435	81.51	815 	2.124
436	81.32	813 	2.129
437	81.14	811 	2.134
438	80.95	809 	2.139
439	80.76	808 	2.144
440	80.57	806 	2.148
441	80.39	804 	2.153
442	80.20	802 	2.158
443	80.01	800 	2.163
444	79.83	798 	2.168
445	79.64	796 	2.173
446	79.46	795 	2.178
447	79.27	793 	2.183
448	79.08	791 	2.188
449	78.90	789 	2.192
450	78.71	787 	2.197
451	78.53	785 	2.202
452	78.34	783 	2.207
453	78.16	782 	2.212
454	77.97	780 	2.217
455	77.79	778 	2.222
456	77.60	776 	2.227
457	77.42	774 	2.231
458	77.23	772 	2.236
459	77.05	771 	2.241
460	76.87	769 	2.246
461	76.68	767 	2.251
462	76.50	765 	2.256
463	76.32	763 	2.261
464	76.13	761 	2.266
465	75.95	759 	2.271
466	75.77	758 	2.275
467	75.58	756 	2.280
468	75.40	754 	2.285
469	75.22	752 	2.290
470	75.03	750 	2.295
471	74.85	749 	2.300
472	74.67	747 	2.305
473	74.49	745 	2.310
474	74.30	743 	2.314
475	74.12	741 	2.319
476	73.94	739 	2.324
477	73.76	738 	2.329
478	73.58	736 	2.334
479	73.39	734 	2.339
480	73.21	732 	2.344
481	73.03	730 	2.349
482	72.85	728 	2.354
483	72.67	727 	2.358
484	72.49	725 	2.363
485	72.31	723 	2.368
486	72.12	721 	2.373
487	71.94	719 	2.378
488	71.76	718 	2.383
489	71.58	716 	2.388
490	71.40	714 	2.393
491	71.22	712 	2.397
492	71.04	710 	2.402
493	70.86	709 	2.407
494	70.68	707 	2.412
495	70.50	705 	2.417
496	70.32	703 	2.422
497	70.14	701 	2.427
498	69.96	700 	2.432
499	69.78	698 	2.437
500	69.60	696 	2.441
501	69.42	694 	2.446
502	69.24	692 	2.451
503	69.06	691 	2.456
504	68.88	689 	2.461
505	68.70	687 	2.466
506	68.52	685 	2.471
507	68.34	683 	2.476
508	68.16	682 	2.480
509	67.98	680 	2.485
510	67.80	678 	2.490
511	67.62	676 	2.495
512	67.44	674 	2.500
513	67.27	673 	2.505
514	67.09	671 	2.510
515	66.91	669 	2.515
516	66.73	667 	2.520
517	66.55	665 	2.524
518	66.37	664 	2.529
519	66.19	662 	2.534
520	66.01	660 	2.539
521	65.83	658 	2.544
522	65.66	657 	2.549
523	65.48	655 	2.554
524	65.30	653 	2.559
525	65.12	651 	2.563
526	64.94	649 	2.568
527	64.76	648 	2.573
528	64.59	646 	2.578
529	64.41	644 	2.583
530	64.23	642 	2.588
531	64.05	641 	2.593
532	63.87	639 	2.598
533	63.69	637 	2.603
534	63.52	635 	2.607
535	63.34	633 	2.612
536	63.16	632 	2.617
537	62.98	630 	2.622
538	62.80	628 	2.627
539	62.62	626 	2.632
540	62.45	624 	2.637
541	62.27	623 	2.642
542	62.09	621 	2.646
543	61.91	619 	2.651
544	61.73	617 	2.656
545	61.56	616 	2.661
546	61.38	614 	2.666
547	61.20	612 	2.671
548	61.02	610 	2.676
549	60.84	608 	2.681
550	60.67	607 	2.686
551	60.49	605 	2.690
552	60.31	603 	2.695
553	60.13	601 	2.700
554	59.95	600 	2.705
555	59.78	598 	2.710
556	59.60	596 	2.715
557	59.42	594 	2.720
558	59.24	592 	2.725
559	59.06	591 	2.729
560	58.89	589 	2.734
561	58.71	587 	2.739
562	58.53	585 	2.744
563	58.35	584 	2.749
564	58.17	582 	2.754
565	58.00	580 	2.759
566	57.82	578 	2.764
567	57.64	576 	2.769
568	57.46	575 	2.773
569	57.28	573 	2.778
570	57.11	571 	2.783
571	56.93	569 	2.788
572	56.75	568 	2.793
573	56.57	566 	2.798
574	56.39	564 	2.803
575	56.22	562 	2.808
576	56.04	560 	2.813
577	55.86	559 	2.817
578	55.68	557 	2.822
579	55.50	555 	2.827
580	55.32	553 	2.832
581	55.15	551 	2.837
582	54.97	550 	2.842
583	54.79	548 	2.847
584	54.61	546 	2.852
585	54.43	544 	2.856
586	54.25	543 	2.861
587	54.07	541 	2.866
588	53.89	539 	2.871
589	53.72	537 	2.876
590	53.54	535 	2.881
591	53.36	534 	2.886
592	53.18	532 	2.891
593	53.00	530 	2.896
594	52.82	528 	2.900
595	52.64	526 	2.905
596	52.46	525 	2.910
597	52.28	523 	2.915
598	52.10	521 	2.920
599	51.92	519 	2.925
600	51.74	517 	2.930
601	51.57	516 	2.935
602	51.39	514 	2.939
603	51.21	512 	2.944
604	51.03	510 	2.949
605	50.85	508 	2.954
606	50.67	507 	2.959
607	50.49	505 	2.964
608	50.31	503 	2.969
609	50.13	501 	2.974
610	49.95	499 	2.979
611	49.77	498 	2.983
612	49.59	496 	2.988
613	49.41	494 	2.993
614	49.22	492 	2.998
615	49.04	490 	3.003
616	48.86	489 	3.008
617	48.68	487 	3.013
618	48.50	485 	3.018
619	48.32	483 	3.022
620	48.14	481 	3.027
621	47.96	480 	3.032
622	47.78	478 	3.037
623	47.60	476 	3.042
624	47.41	474 	3.047
625	47.23	472 	3.052
626	47.05	471 	3.057
627	46.87	469 	3.062
628	46.69	467 	3.066
629	46.50	465 	3.071
630	46.32	463 	3.076
631	46.14	461 	3.081
632	45.96	460 	3.086
633	45.78	458 	3.091
634	45.59	456 	3.096
635	45.41	454 	3.101
636	45.23	452 	3.105
637	45.04	450 	3.110
638	44.86	449 	3.115
639	44.68	447 	3.120
640	44.49	445 	3.125
641	44.31	443 	3.130
642	44.13	441 	3.135
643	43.94	439 	3.140
644	43.76	438 	3.145
645	43.58	436 	3.149
646	43.39	434 	3.154
647	43.21	432 	3.159
648	43.02	430 	3.164
649	42.84	428 	3.169
650	42.65	427 	3.174
651	42.47	425 	3.179
652	42.28	423 	3.184
653	42.10	421 	3.188
654	41.91	419 	3.193
655	41.73	417 	3.198
656	41.54	415 	3.203
657	41.36	414 	3.208
658	41.17	412 	3.213
659	40.98	410 	3.218
660	40.80	408 	3.223
661	40.61	406 	3.228
662	40.42	404 	3.232
663	40.24	402 	3.237
664	40.05	401 	3.242
665	39.86	399 	3.247
666	39.68	397 	3.252
667	39.49	395 	3.257
668	39.30	393 	3.262
669	39.11	391 	3.267
670	38.93	389 	3.271
671	38.74	387 	3.276
672	38.55	385 	3.281
673	38.36	384 	3.286
674	38.17	382 	3.291
675	37.98	380 	3.296
676	37.79	378 	3.301
677	37.60	376 	3.306
678	37.41	374 	3.311
679	37.22	372 	3.315
680	37.03	370 	3.320
681	36.84	368 	3.325
682	36.65	367 	3.330
683	36.46	365 	3.335
684	36.27	363 	3.340
685	36.08	361 	3.345
686	35.89	359 	3.350
687	35.70	357 	3.354
688	35.51	355 	3.359
689	35.31	353 	3.364
690	35.12	351 	3.369
691	34.93	349 	3.374
692	34.74	347 	3.379
693	34.54	345 	3.384
694	34.35	344 	3.389
695	34.16	342 	3.394
696	33.96	340 	3.398
697	33.77	338 	3.403
698	33.58	336 	3.408
699	33.38	334 	3.413
700	33.19	332 	3.418
701	32.99	330 	3.423
702	32.80	328 	3.428
703	32.60	326 	3.433
704	32.41	324 	3.438
705	32.21	322 	3.442
706	32.01	320 	3.447
707	31.82	318 	3.452
708	31.62	316 	3.457
709	31.42	314 	3.462
710	31.23	312 	3.467
711	31.03	310 	3.472
712	30.83	308 	3.477
713	30.63	306 	3.481
714	30.43	304 	3.486
715	30.24	302 	3.491
716	30.04	300 	3.496
717	29.84	298 	3.501
718	29.64	296 	3.506
719	29.44	294 	3.511
720	29.24	292 	3.516
721	29.04	290 	3.521
722	28.84	288 	3.525
723	28.63	286 	3.530
724	28.43	284 	3.535
725	28.23	282 	3.540
726	28.03	280 	3.545
727	27.83	278 	3.550
728	27.62	276 	3.555
729	27.42	274 	3.560
730	27.22	272 	3.564
731	27.01	270 	3.569
732	26.81	268 	3.574
733	26.61	266 	3.579
734	26.40	264 	3.584
735	26.20	262 	3.589
736	25.99	260 	3.594
737	25.78	258 	3.599
738	25.58	256 	3.604
739	25.37	254 	3.608
740	25.16	252 	3.613
741	24.96	250 	3.618
742	24.75	247 	3.623
743	24.54	245 	3.628
744	24.33	243 	3.633
745	24.12	241 	3.638
746	23.92	239 	3.643
747	23.71	237 	3.647
748	23.50	235 	3.652
749	23.29	233 	3.657
750	23.07	231 	3.662
751	22.86	229 	3.667
752	22.65	227 	3.672
753	22.44	224 	3.677
754	22.23	222 	3.682
755	22.01	220 	3.687
756	21.80	218 	3.691
757	21.59	216 	3.696
758	21.37	214 	3.701
759	21.16	212 	3.706
760	20.94	209 	3.711
761	20.73	207 	3.716
762	20.51	205 	3.721
763	20.30	203 	3.726
764	20.08	201 	3.730
765	19.86	199 	3.735
766	19.64	196 	3.740
767	19.42	194 	3.745
768	19.21	192 	3.750
769	18.99	190 	3.755
770	18.77	188 	3.760
771	18.55	185 	3.765
772	18.33	183 	3.770
773	18.11	181 	3.774
774	17.88	179 	3.779
775	17.66	177 	3.784
776	17.44	174 	3.789
777	17.22	172 	3.794
778	16.99	170 	3.799
779	16.77	168 	3.804
780	16.54	165 	3.809
781	16.32	163 	3.813
782	16.09	161 	3.818
783	15.86	159 	3.823
784	15.64	156 	3.828
785	15.41	154 	3.833
786	15.18	152 	3.838
787	14.95	150 	3.843
788	14.72	147 	3.848
789	14.49	145 	3.853
790	14.26	143 	3.857
791	14.03	140 	3.862
792	13.80	138 	3.867
793	13.57	136 	3.872
794	13.33	133 	3.877
795	13.10	131 	3.882
796	12.87	129 	3.887
797	12.63	126 	3.892
798	12.40	124 	3.896
799	12.16	122 	3.901
800	11.92	119 	3.906
801	11.69	117 	3.911
802	11.45	114 	3.916
803	11.21	112 	3.921
804	10.97	110 	3.926
805	10.73	107 	3.931
806	10.49	105 	3.936
807	10.25	102 	3.940
808	10.01	100 	3.945
809	9.76	98 	3.950
810	9.52	95 	3.955
811	9.28	93 	3.960
812	9.03	90 	3.965
813	8.78	88 	3.970
814	8.54	85 	3.975
815	8.29	83 	3.979
816	8.04	80 	3.984
817	7.79	78 	3.989
818	7.54	75 	3.994
819	7.29	73 	3.999
820	7.04	70 	4.004
821	6.79	68 	4.009
822	6.54	65 	4.014
823	6.28	63 	4.019
824	6.03	60 	4.023
825	5.77	58 	4.028
826	5.52	55 	4.033
827	5.26	53 	4.038
828	5.00	50 	4.043
829	4.74	47 	4.048
830	4.48	45 	4.053
831	4.22	42 	4.058
832	3.96	40 	4.063
833	3.70	37 	4.067
834	3.43	34 	4.072
835	3.17	32 	4.077
836	2.91	29 	4.082
837	2.64	26 	4.087
838	2.37	24 	4.092
839	2.10	21 	4.097
840	1.83	18 	4.102
841	1.56	16 	4.106
842	1.29	13 	4.111
843	1.02	10 	4.116
844	0.75	7 	4.121
845	0.47	5 	4.126
846	0.20	2 	4.131
847	-0.08	-1 	4.136
848	-0.36	-4 	4.141
849	-0.64	-6 	4.146
850	-0.92	-9 	4.150
851	-1.20	-12 	4.155
852	-1.48	-15 	4.160
853	-1.76	-18 	4.165
854	-2.05	-20 	4.170
855	-2.33	-23 	4.175
856	-2.62	-26 	4.180
857	-2.91	-29 	4.185
858	-3.20	-32 	4.189
859	-3.49	-35 	4.194
860	-3.78	-38 	4.199
861	-4.07	-41 	4.204
862	-4.37	-44 	4.209
863	-4.66	-47 	4.214
864	-4.96	-50 	4.219
865	-5.26	-53 	4.224
866	-5.56	-56 	4.229
867	-5.86	-59 	4.233
868	-6.16	-62 	4.238
869	-6.47	-65 	4.243
870	-6.77	-68 	4.248
871	-7.08	-71 	4.253
872	-7.39	-74 	4.258
873	-7.70	-77 	4.263
874	-8.01	-80 	4.268
875	-8.32	-83 	4.272
876	-8.64	-86 	4.277
877	-8.95	-90 	4.282
878	-9.27	-93 	4.287
879	-9.59	-96 	4.292
880	-9.91	-99 	4.297
881	-10.23	-102 	4.302
882	-10.56	-106 	4.307
883	-10.88	-109 	4.312
884	-11.21	-112 	4.316
885	-11.54	-115 	4.321
886	-11.87	-119 	4.326
887	-12.21	-122 	4.331
888	-12.54	-125 	4.336
889	-12.88	-129 	4.341
890	-13.22	-132 	4.346
891	-13.56	-136 	4.351
892	-13.90	-139 	4.355
893	-14.25	-142 	4.360
894	-14.59	-146 	4.365
895	-14.94	-149 	4.370
896	-15.29	-153 	4.375
897	-15.65	-156 	4.380
898	-16.00	-160 	4.385
899	-16.36	-164 	4.390
900	-16.72	-167 	4.395
901	-17.08	-171 	4.399
902	-17.45	-174 	4.404
903	-17.81	-178 	4.409
904	-18.18	-182 	4.414
905	-18.55	-186 	4.419
906	-18.93	-189 	4.424
907	-19.30	-193 	4.429
908	-19.68	-197 	4.434
909	-20.06	-201 	4.438
910	-20.45	-204 	4.443
911	-20.83	-208 	4.448
912	-21.22	-212 	4.453
913	-21.62	-216 	4.458
914	-22.01	-220 	4.463
915	-22.41	-224 	4.468
916	-22.81	-228 	4.473
917	-23.21	-232 	4.478
918	-23.62	-236 	4.482
919	-24.03	-240 	4.487
920	-24.45	-244 	4.492
921	-24.86	-249 	4.497
922	-25.28	-253 	4.502
923	-25.70	-257 	4.507
924	-26.13	-261 	4.512
925	-26.56	-266 	4.517
926	-26.99	-270 	4.521
927	-27.43	-274 	4.526
928	-27.87	-279 	4.531
929	-28.32	-283 	4.536
930	-28.77	-288 	4.541
931	-29.22	-292 	4.546
932	-29.67	-297 	4.551
933	-30.14	-301 	4.556
934	-30.60	-306 	4.561
935	-31.07	-311 	4.565
936	-31.54	-315 	4.570
937	-32.02	-320 	4.575
938	-32.50	-325 	4.580
939	-32.99	-330 	4.585
940	-33.48	-335 	4.590
941	-33.98	-340 	4.595
942	-34.48	-345 	4.600
943	-34.99	-350 	4.604
944	-35.50	-355 	4.609
945	-36.02	-360 	4.614
946	-36.54	-365 	4.619
947	-37.07	-371 	4.624
948	-37.60	-376 	4.629
949	-38.14	-381 	4.634
950	-38.69	-387 	4.639
951	-39.24	-392 	4.644
952	-39.80	-398 	4.648
953	180.00	1800 	4.653
954	180.00	1800 	4.658
955	180.00	1800 	4.663
956	180.00	1800 	4.668
957	180.00	1800 	4.673
958	180.00	1800 	4.678
959	180.00	1800 	4.683
960	180.00	1800 	4.688
961	180.00	1800 	4.692
962	180.00	1800 	4.697
963	180.00	1800 	4.702
964	180.00	1800 	4.707
965	180.00	1800 	4.712
966	180.00	1800 	4.717
967	180.00	1800 	4.722
968	180.00	1800 	4.727
969	180.00	1800 	4.731
970	180.00	1800 	4.736
971	180.00	1800 	4.741
972	180.00	1800 	4.746
973	180.00	1800 	4.751
974	180.00	1800 	4.756
975	180.00	1800 	4.761
976	180.00	1800 	4.766
977	180.00	1800 	4.771
978	180.00	1800 	4.775
979	180.00	1800 	4.780
980	180.00	1800 	4.785
981	180.00	1800 	4.790
982	180.00	1800 	4.795
983	180.00	1800 	4.800
984	180.00	1800 	4.805
985	180.00	1800 	4.810
986	180.00	1800 	4.814
987	180.00	1800 	4.819
988	180.00	1800 	4.824
989	180.00	1800 	4.829
990	180.00	1800 	4.834
991	180.00	1800 	4.839
992	180.00	1800 	4.844
993	180.00	1800 	4.849
994	180.00	1800 	4.854
995	180.00	1800 	4.858
996	180.00	1800 	4.863
997	180.00	1800 	4.868
998	180.00	1800 	4.873
999	180.00	1800 	4.878
1000	180.00	1800 	4.883
1001	180.00	1800 	4.888
1002	180.00	1800 	4.893
1003	180.00	1800 	4.897
1004	180.00	1800 	4.902
1005	180.00	1800 	4.907
1006	180.00	1800 	4.912
1007	180.00	1800 	4.917
1008	180.00	1800 	4.922
1009	180.00	1800 	4.927
1010	180.00	1800 	4.932
1011	180.00	1800 	4.937
1012	180.00	1800 	4.941
1013	180.00	1800 	4.946
1014	180.00	1800 	4.951
1015	180.00	1800 	4.956
1016	180.00	1800 	4.961
1017	180.00	1800 	4.966
1018	180.00	1800 	4.971
1019	180.00	1800 	4.976
1020	180.00	1800 	4.980
1021	180.00	1800 	4.985
1022	180.00	1800 	4.990
1023	180.00	1800 	4.995
